<?xml version="1.0" encoding="UTF-8"?>
<testsuite name="com.bayteq.client.ClientApplicationTests" tests="1" skipped="0" failures="0" errors="0" timestamp="2025-03-19T17:41:36.413Z" hostname="INFS-ECU-LT1138" time="0.789">
  <properties/>
  <testcase name="contextLoads()" classname="com.bayteq.client.ClientApplicationTests" time="0.789"/>
  <system-out><![CDATA[12:41:31.902 [Test worker] INFO org.springframework.test.context.support.AnnotationConfigContextLoaderUtils -- Could not detect default configuration classes for test class [com.bayteq.client.ClientApplicationTests]: ClientApplicationTests does not declare any static, non-private, non-final, nested classes annotated with @Configuration.
12:41:32.073 [Test worker] INFO org.springframework.boot.test.context.SpringBootTestContextBootstrapper -- Found @SpringBootConfiguration com.bayteq.client.ClientApplication for test class com.bayteq.client.ClientApplicationTests

  .   ____          _            __ _ _
 /\\ / ___'_ __ _ _(_)_ __  __ _ \ \ \ \
( ( )\___ | '_ | '_| | '_ \/ _` | \ \ \ \
 \\/  ___)| |_)| | | | | || (_| |  ) ) ) )
  '  |____| .__|_| |_|_| |_\__, | / / / /
 =========|_|==============|___/=/_/_/_/

 :: Spring Boot ::                (v3.4.3)

2025-03-19T12:41:32.506-05:00  INFO 2720 --- [client] [    Test worker] c.bayteq.client.ClientApplicationTests   : Starting ClientApplicationTests using Java 17.0.12 with PID 2720 (started by anderson.zambrano in C:\Users\anderson.zambrano\Documents\bayteq\client)
2025-03-19T12:41:32.508-05:00  INFO 2720 --- [client] [    Test worker] c.bayteq.client.ClientApplicationTests   : No active profile set, falling back to 1 default profile: "default"
2025-03-19T12:41:33.216-05:00  INFO 2720 --- [client] [    Test worker] .s.d.r.c.RepositoryConfigurationDelegate : Bootstrapping Spring Data JPA repositories in DEFAULT mode.
2025-03-19T12:41:33.289-05:00  INFO 2720 --- [client] [    Test worker] .s.d.r.c.RepositoryConfigurationDelegate : Finished Spring Data repository scanning in 61 ms. Found 1 JPA repository interface.
2025-03-19T12:41:33.775-05:00  INFO 2720 --- [client] [    Test worker] o.hibernate.jpa.internal.util.LogHelper  : HHH000204: Processing PersistenceUnitInfo [name: default]
2025-03-19T12:41:33.861-05:00  INFO 2720 --- [client] [    Test worker] org.hibernate.Version                    : HHH000412: Hibernate ORM core version 6.6.8.Final
2025-03-19T12:41:33.911-05:00  INFO 2720 --- [client] [    Test worker] o.h.c.internal.RegionFactoryInitiator    : HHH000026: Second-level cache disabled
2025-03-19T12:41:34.281-05:00  INFO 2720 --- [client] [    Test worker] o.s.o.j.p.SpringPersistenceUnitInfo      : No LoadTimeWeaver setup: ignoring JPA class transformer
2025-03-19T12:41:34.336-05:00  INFO 2720 --- [client] [    Test worker] com.zaxxer.hikari.HikariDataSource       : HikariPool-1 - Starting...
2025-03-19T12:41:34.555-05:00  INFO 2720 --- [client] [    Test worker] com.zaxxer.hikari.pool.HikariPool        : HikariPool-1 - Added connection com.mysql.cj.jdbc.ConnectionImpl@2d38db6f
2025-03-19T12:41:34.556-05:00  INFO 2720 --- [client] [    Test worker] com.zaxxer.hikari.HikariDataSource       : HikariPool-1 - Start completed.
2025-03-19T12:41:34.585-05:00  WARN 2720 --- [client] [    Test worker] org.hibernate.orm.deprecation            : HHH90000025: MySQL8Dialect does not need to be specified explicitly using 'hibernate.dialect' (remove the property setting and it will be selected by default)
2025-03-19T12:41:34.586-05:00  WARN 2720 --- [client] [    Test worker] org.hibernate.orm.deprecation            : HHH90000026: MySQL8Dialect has been deprecated; use org.hibernate.dialect.MySQLDialect instead
2025-03-19T12:41:34.603-05:00  INFO 2720 --- [client] [    Test worker] org.hibernate.orm.connections.pooling    : HHH10001005: Database info:
	Database JDBC URL [Connecting through datasource 'HikariDataSource (HikariPool-1)']
	Database driver: undefined/unknown
	Database version: 8.0
	Autocommit mode: undefined/unknown
	Isolation level: undefined/unknown
	Minimum pool size: undefined/unknown
	Maximum pool size: undefined/unknown
2025-03-19T12:41:35.299-05:00  INFO 2720 --- [client] [    Test worker] o.h.e.t.j.p.i.JtaPlatformInitiator       : HHH000489: No JTA platform available (set 'hibernate.transaction.jta.platform' to enable JTA platform integration)
2025-03-19T12:41:35.344-05:00  INFO 2720 --- [client] [    Test worker] j.LocalContainerEntityManagerFactoryBean : Initialized JPA EntityManagerFactory for persistence unit 'default'
2025-03-19T12:41:35.873-05:00  WARN 2720 --- [client] [    Test worker] JpaBaseConfiguration$JpaWebConfiguration : spring.jpa.open-in-view is enabled by default. Therefore, database queries may be performed during view rendering. Explicitly configure spring.jpa.open-in-view to disable this warning
2025-03-19T12:41:36.378-05:00  INFO 2720 --- [client] [    Test worker] c.bayteq.client.ClientApplicationTests   : Started ClientApplicationTests in 4.122 seconds (process running for 5.379)
]]></system-out>
  <system-err><![CDATA[]]></system-err>
</testsuite>
