<?xml version="1.0" encoding="UTF-8"?>
<testsuite name="com.bayteq.client.infrastructure.adapters.input.controller.ClientControllerTest" tests="5" skipped="0" failures="0" errors="0" timestamp="2025-03-19T18:06:28.480Z" hostname="DESKTOP-KS0PHCL" time="0.218">
  <properties/>
  <testcase name="testGetAllClients()" classname="com.bayteq.client.infrastructure.adapters.input.controller.ClientControllerTest" time="0.179"/>
  <testcase name="testGetClientById_Found()" classname="com.bayteq.client.infrastructure.adapters.input.controller.ClientControllerTest" time="0.012"/>
  <testcase name="testUpdateClient()" classname="com.bayteq.client.infrastructure.adapters.input.controller.ClientControllerTest" time="0.006"/>
  <testcase name="testGetClientById_NotFound()" classname="com.bayteq.client.infrastructure.adapters.input.controller.ClientControllerTest" time="0.006"/>
  <testcase name="testCreateClient()" classname="com.bayteq.client.infrastructure.adapters.input.controller.ClientControllerTest" time="0.01"/>
  <system-out><![CDATA[]]></system-out>
  <system-err><![CDATA[]]></system-err>
</testsuite>
