<?xml version="1.0" encoding="UTF-8"?>
<testsuite name="com.bayteq.client.domain.model.ClientTest" tests="3" skipped="0" failures="0" errors="0" timestamp="2025-03-19T18:06:28.461Z" hostname="DESKTOP-KS0PHCL" time="0.012">
  <properties/>
  <testcase name="testGettersAndSetters()" classname="com.bayteq.client.domain.model.ClientTest" time="0.002"/>
  <testcase name="testEqualsAndHashCode()" classname="com.bayteq.client.domain.model.ClientTest" time="0.002"/>
  <testcase name="testNotEquals()" classname="com.bayteq.client.domain.model.ClientTest" time="0.005"/>
  <system-out><![CDATA[]]></system-out>
  <system-err><![CDATA[]]></system-err>
</testsuite>
