<?xml version="1.0" encoding="UTF-8"?>
<testsuite name="com.bayteq.client.application.services.ClientServiceImplTest" tests="10" skipped="0" failures="0" errors="0" timestamp="2025-03-19T18:06:27.638Z" hostname="DESKTOP-KS0PHCL" time="0.818">
  <properties/>
  <testcase name="testCreateClient_EmailAlreadyExists()" classname="com.bayteq.client.application.services.ClientServiceImplTest" time="0.706"/>
  <testcase name="testUpdateClient_Success()" classname="com.bayteq.client.application.services.ClientServiceImplTest" time="0.021"/>
  <testcase name="testCreateClient_Success()" classname="com.bayteq.client.application.services.ClientServiceImplTest" time="0.008"/>
  <testcase name="testUpdateClient_DocumentAlreadyExists()" classname="com.bayteq.client.application.services.ClientServiceImplTest" time="0.012"/>
  <testcase name="testGetAllClients()" classname="com.bayteq.client.application.services.ClientServiceImplTest" time="0.007"/>
  <testcase name="testGetClientById_Found()" classname="com.bayteq.client.application.services.ClientServiceImplTest" time="0.01"/>
  <testcase name="testUpdateClient_EmailAlreadyExists()" classname="com.bayteq.client.application.services.ClientServiceImplTest" time="0.019"/>
  <testcase name="testCreateClient_DocumentAlreadyExists()" classname="com.bayteq.client.application.services.ClientServiceImplTest" time="0.007"/>
  <testcase name="testUpdateClient_NotFound()" classname="com.bayteq.client.application.services.ClientServiceImplTest" time="0.007"/>
  <testcase name="testGetClientById_NotFound()" classname="com.bayteq.client.application.services.ClientServiceImplTest" time="0.006"/>
  <system-out><![CDATA[]]></system-out>
  <system-err><![CDATA[]]></system-err>
</testsuite>
