<?xml version="1.0" encoding="UTF-8"?>
<testsuite name="com.bayteq.client.ClientApplicationTests" tests="1" skipped="0" failures="0" errors="0" timestamp="2025-03-19T18:06:26.675Z" hostname="DESKTOP-KS0PHCL" time="0.942">
  <properties/>
  <testcase name="contextLoads()" classname="com.bayteq.client.ClientApplicationTests" time="0.942"/>
  <system-out><![CDATA[13:06:16.670 [Test worker] INFO org.springframework.test.context.support.AnnotationConfigContextLoaderUtils -- Could not detect default configuration classes for test class [com.bayteq.client.ClientApplicationTests]: ClientApplicationTests does not declare any static, non-private, non-final, nested classes annotated with @Configuration.
13:06:16.891 [Test worker] INFO org.springframework.boot.test.context.SpringBootTestContextBootstrapper -- Found @SpringBootConfiguration com.bayteq.client.ClientApplication for test class com.bayteq.client.ClientApplicationTests

  .   ____          _            __ _ _
 /\\ / ___'_ __ _ _(_)_ __  __ _ \ \ \ \
( ( )\___ | '_ | '_| | '_ \/ _` | \ \ \ \
 \\/  ___)| |_)| | | | | || (_| |  ) ) ) )
  '  |____| .__|_| |_|_| |_\__, | / / / /
 =========|_|==============|___/=/_/_/_/

 :: Spring Boot ::                (v3.4.3)

2025-03-19T13:06:17.818-05:00  INFO 17776 --- [client] [    Test worker] c.bayteq.client.ClientApplicationTests   : Starting ClientApplicationTests using Java 17.0.12 with PID 17776 (started by Anderson in C:\Users\Anderson\Desktop\client\client)
2025-03-19T13:06:17.821-05:00  INFO 17776 --- [client] [    Test worker] c.bayteq.client.ClientApplicationTests   : No active profile set, falling back to 1 default profile: "default"
2025-03-19T13:06:19.493-05:00  INFO 17776 --- [client] [    Test worker] .s.d.r.c.RepositoryConfigurationDelegate : Bootstrapping Spring Data JPA repositories in DEFAULT mode.
2025-03-19T13:06:19.689-05:00  INFO 17776 --- [client] [    Test worker] .s.d.r.c.RepositoryConfigurationDelegate : Finished Spring Data repository scanning in 169 ms. Found 1 JPA repository interface.
2025-03-19T13:06:20.840-05:00  INFO 17776 --- [client] [    Test worker] o.hibernate.jpa.internal.util.LogHelper  : HHH000204: Processing PersistenceUnitInfo [name: default]
2025-03-19T13:06:20.998-05:00  INFO 17776 --- [client] [    Test worker] org.hibernate.Version                    : HHH000412: Hibernate ORM core version 6.6.8.Final
2025-03-19T13:06:21.118-05:00  INFO 17776 --- [client] [    Test worker] o.h.c.internal.RegionFactoryInitiator    : HHH000026: Second-level cache disabled
2025-03-19T13:06:21.982-05:00  INFO 17776 --- [client] [    Test worker] o.s.o.j.p.SpringPersistenceUnitInfo      : No LoadTimeWeaver setup: ignoring JPA class transformer
2025-03-19T13:06:22.051-05:00  INFO 17776 --- [client] [    Test worker] com.zaxxer.hikari.HikariDataSource       : HikariPool-1 - Starting...
2025-03-19T13:06:22.421-05:00  INFO 17776 --- [client] [    Test worker] com.zaxxer.hikari.pool.HikariPool        : HikariPool-1 - Added connection com.mysql.cj.jdbc.ConnectionImpl@35ab4260
2025-03-19T13:06:22.424-05:00  INFO 17776 --- [client] [    Test worker] com.zaxxer.hikari.HikariDataSource       : HikariPool-1 - Start completed.
2025-03-19T13:06:22.504-05:00  WARN 17776 --- [client] [    Test worker] org.hibernate.orm.deprecation            : HHH90000025: MySQL8Dialect does not need to be specified explicitly using 'hibernate.dialect' (remove the property setting and it will be selected by default)
2025-03-19T13:06:22.507-05:00  WARN 17776 --- [client] [    Test worker] org.hibernate.orm.deprecation            : HHH90000026: MySQL8Dialect has been deprecated; use org.hibernate.dialect.MySQLDialect instead
2025-03-19T13:06:22.544-05:00  INFO 17776 --- [client] [    Test worker] org.hibernate.orm.connections.pooling    : HHH10001005: Database info:
	Database JDBC URL [Connecting through datasource 'HikariDataSource (HikariPool-1)']
	Database driver: undefined/unknown
	Database version: 8.0
	Autocommit mode: undefined/unknown
	Isolation level: undefined/unknown
	Minimum pool size: undefined/unknown
	Maximum pool size: undefined/unknown
2025-03-19T13:06:24.313-05:00  INFO 17776 --- [client] [    Test worker] o.h.e.t.j.p.i.JtaPlatformInitiator       : HHH000489: No JTA platform available (set 'hibernate.transaction.jta.platform' to enable JTA platform integration)
Hibernate: 
    create table clients (
        id bigint not null auto_increment,
        active bit not null,
        address varchar(255),
        birth_date date,
        document_number varchar(255) not null,
        email varchar(255) not null,
        last_name varchar(255) not null,
        name varchar(255) not null,
        phone_number varchar(255),
        primary key (id)
    ) engine=InnoDB
Hibernate: 
    alter table clients 
       drop index UKn9ysx49ry85ixfg75gxx781w6
Hibernate: 
    alter table clients 
       add constraint UKn9ysx49ry85ixfg75gxx781w6 unique (document_number)
Hibernate: 
    alter table clients 
       drop index UKsrv16ica2c1csub334bxjjb59
Hibernate: 
    alter table clients 
       add constraint UKsrv16ica2c1csub334bxjjb59 unique (email)
2025-03-19T13:06:24.592-05:00  INFO 17776 --- [client] [    Test worker] j.LocalContainerEntityManagerFactoryBean : Initialized JPA EntityManagerFactory for persistence unit 'default'
2025-03-19T13:06:25.826-05:00  WARN 17776 --- [client] [    Test worker] JpaBaseConfiguration$JpaWebConfiguration : spring.jpa.open-in-view is enabled by default. Therefore, database queries may be performed during view rendering. Explicitly configure spring.jpa.open-in-view to disable this warning
2025-03-19T13:06:26.640-05:00  INFO 17776 --- [client] [    Test worker] c.bayteq.client.ClientApplicationTests   : Started ClientApplicationTests in 9.411 seconds (process running for 11.592)
]]></system-out>
  <system-err><![CDATA[]]></system-err>
</testsuite>
